<?xml version="1.0" encoding="UTF-8"?>
<beans xmlns="http://www.springframework.org/schema/beans"
       xmlns:xsi="http://www.w3.org/2001/XMLSchema-instance"
       xsi:schemaLocation="http://www.springframework.org/schema/beans http://www.springframework.org/schema/beans/spring-beans.xsd">

    <bean id="userDao" class="com.example.chapter5.dao.UserDaoJdbc">
        <property name="dataSource" ref="dataSourc" />
    </bean>

    <bean id="userService" class="com.example.chapter5.service.UserService">
        <property name="userDao" ref="userDao" />
        <property name="transactionManager" ref="transactionManager"/>
        <property name="mailSender" ref="mailSender"/>
    </bean>

    <bean id="transactionManager" class="org.springframework.jdbc.datasource.DataSourceTransactionManager">
        <property name="dataSource" ref="dataSourc"/>
    </bean>

    <bean id="mailSender" class="com.example.chapter5.service.DummyMailSender">
    </bean>

    <!-- dataSource 빈 -->
    <bean id="dataSourc" class="org.springframework.jdbc.datasource.SimpleDriverDataSource">
        <!-- 1-47 XML을 이용한 DB 연결 정보 -->
        <property name="driverClass" value="com.mysql.cj.jdbc.Driver"/>
        <property name="url" value="jdbc:mysql://localhost:3306/springbook"/>
        <property name="username" value="root" />
        <property name="password" value="1234" />
    </bean>

</beans>