<?xml version="1.0" encoding="UTF-8"?>
<beans xmlns="http://www.springframework.org/schema/beans"
       xmlns:xsi="http://www.w3.org/2001/XMLSchema-instance"
       xsi:schemaLocation="http://www.springframework.org/schema/beans http://www.springframework.org/schema/beans/spring-beans.xsd">

    <!-- dataSource 빈 -->
    <bean id="dataSourc" class="org.springframework.jdbc.datasource.SimpleDriverDataSource">
        <!-- 1-47 XML을 이용한 DB 연결 정보 -->
        <property name="driverClass" value="com.mysql.cj.jdbc.Driver"/>
        <property name="url" value="jdbc:mysql://localhost:3306/testdb"/>
        <property name="username" value="root" />
        <property name="password" value="1234" />
    </bean>

    <bean id="userDao" class="com.example.chapter2.dao.UserDao">
        <property name="dataSource" ref="dataSourc" />
    </bean>
</beans>